<?xml version="1.0" encoding="UTF-8"?>
<testsuite xmlns:xsi="http://www.w3.org/2001/XMLSchema-instance" xsi:noNamespaceSchemaLocation="https://maven.apache.org/surefire/maven-surefire-plugin/xsd/surefire-test-report.xsd" name="ItemControllerTest" time="56.987" tests="3" errors="0" skipped="0" failures="0">
  <properties>
    <property name="sun.desktop" value="windows"/>
    <property name="awt.toolkit" value="sun.awt.windows.WToolkit"/>
    <property name="file.encoding.pkg" value="sun.io"/>
    <property name="java.specification.version" value="1.8"/>
    <property name="sun.cpu.isalist" value="amd64"/>
    <property name="sun.jnu.encoding" value="Cp1252"/>
    <property name="java.class.path" value="C:\Users\Lucas\Desktop\SS18\target\test-classes;C:\Users\Lucas\Desktop\SS18\target\classes;C:\Users\Lucas\.m2\repository\org\hibernate\ogm\hibernate-ogm-infinispan\5.1.0.Final\hibernate-ogm-infinispan-5.1.0.Final.jar;C:\Users\Lucas\.m2\repository\org\hibernate\ogm\hibernate-ogm-core\5.1.0.Final\hibernate-ogm-core-5.1.0.Final.jar;C:\Users\Lucas\.m2\repository\org\hibernate\hibernate-entitymanager\5.0.12.Final\hibernate-entitymanager-5.0.12.Final.jar;C:\Users\Lucas\.m2\repository\org\hibernate\hql\hibernate-hql-lucene\1.4.0.Final\hibernate-hql-lucene-1.4.0.Final.jar;C:\Users\Lucas\.m2\repository\org\infinispan\infinispan-core\8.2.5.Final\infinispan-core-8.2.5.Final.jar;C:\Users\Lucas\.m2\repository\org\infinispan\infinispan-commons\8.2.5.Final\infinispan-commons-8.2.5.Final.jar;C:\Users\Lucas\.m2\repository\org\jgroups\jgroups\3.6.7.Final\jgroups-3.6.7.Final.jar;C:\Users\Lucas\.m2\repository\org\jboss\marshalling\jboss-marshalling-osgi\1.4.10.Final\jboss-marshalling-osgi-1.4.10.Final.jar;C:\Users\Lucas\.m2\repository\org\hibernate\hibernate-search-orm\5.6.1.Final\hibernate-search-orm-5.6.1.Final.jar;C:\Users\Lucas\.m2\repository\org\hibernate\hibernate-search-engine\5.6.1.Final\hibernate-search-engine-5.6.1.Final.jar;C:\Users\Lucas\.m2\repository\org\apache\lucene\lucene-core\5.5.4\lucene-core-5.5.4.jar;C:\Users\Lucas\.m2\repository\org\apache\lucene\lucene-misc\5.5.4\lucene-misc-5.5.4.jar;C:\Users\Lucas\.m2\repository\org\apache\lucene\lucene-analyzers-common\5.5.4\lucene-analyzers-common-5.5.4.jar;C:\Users\Lucas\.m2\repository\org\apache\lucene\lucene-facet\5.5.4\lucene-facet-5.5.4.jar;C:\Users\Lucas\.m2\repository\org\apache\lucene\lucene-queries\5.5.4\lucene-queries-5.5.4.jar;C:\Users\Lucas\.m2\repository\org\hibernate\ogm\hibernate-ogm-neo4j\5.1.0.Final\hibernate-ogm-neo4j-5.1.0.Final.jar;C:\Users\Lucas\.m2\repository\org\neo4j\neo4j\3.0.8\neo4j-3.0.8.jar;C:\Users\Lucas\.m2\repository\org\neo4j\neo4j-kernel\3.0.8\neo4j-kernel-3.0.8.jar;C:\Users\Lucas\.m2\repository\org\neo4j\neo4j-graphdb-api\3.0.8\neo4j-graphdb-api-3.0.8.jar;C:\Users\Lucas\.m2\repository\org\neo4j\neo4j-resource\3.0.8\neo4j-resource-3.0.8.jar;C:\Users\Lucas\.m2\repository\org\neo4j\neo4j-common\3.0.8\neo4j-common-3.0.8.jar;C:\Users\Lucas\.m2\repository\org\neo4j\neo4j-collections\3.0.8\neo4j-collections-3.0.8.jar;C:\Users\Lucas\.m2\repository\org\neo4j\neo4j-primitive-collections\3.0.8\neo4j-primitive-collections-3.0.8.jar;C:\Users\Lucas\.m2\repository\org\neo4j\neo4j-unsafe\3.0.8\neo4j-unsafe-3.0.8.jar;C:\Users\Lucas\.m2\repository\org\neo4j\neo4j-io\3.0.8\neo4j-io-3.0.8.jar;C:\Users\Lucas\.m2\repository\org\apache\commons\commons-lang3\3.3.2\commons-lang3-3.3.2.jar;C:\Users\Lucas\.m2\repository\org\neo4j\neo4j-logging\3.0.8\neo4j-logging-3.0.8.jar;C:\Users\Lucas\.m2\repository\org\neo4j\neo4j-security\3.0.8\neo4j-security-3.0.8.jar;C:\Users\Lucas\.m2\repository\org\neo4j\neo4j-lucene-upgrade\3.0.8\neo4j-lucene-upgrade-3.0.8.jar;C:\Users\Lucas\.m2\repository\org\apache\lucene\lucene-backward-codecs\5.5.4\lucene-backward-codecs-5.5.4.jar;C:\Users\Lucas\.m2\repository\org\neo4j\neo4j-lucene-index\3.0.8\neo4j-lucene-index-3.0.8.jar;C:\Users\Lucas\.m2\repository\org\apache\lucene\lucene-queryparser\5.5.4\lucene-queryparser-5.5.4.jar;C:\Users\Lucas\.m2\repository\org\apache\lucene\lucene-codecs\5.5.4\lucene-codecs-5.5.4.jar;C:\Users\Lucas\.m2\repository\org\neo4j\neo4j-graph-algo\3.0.8\neo4j-graph-algo-3.0.8.jar;C:\Users\Lucas\.m2\repository\org\neo4j\neo4j-udc\3.0.8\neo4j-udc-3.0.8.jar;C:\Users\Lucas\.m2\repository\org\neo4j\neo4j-graph-matching\3.0.8\neo4j-graph-matching-3.0.8.jar;C:\Users\Lucas\.m2\repository\org\neo4j\neo4j-cypher\3.0.8\neo4j-cypher-3.0.8.jar;C:\Users\Lucas\.m2\repository\org\scala-lang\scala-library\2.11.8\scala-library-2.11.8.jar;C:\Users\Lucas\.m2\repository\org\scala-lang\scala-reflect\2.11.8\scala-reflect-2.11.8.jar;C:\Users\Lucas\.m2\repository\org\neo4j\neo4j-codegen\3.0.8\neo4j-codegen-3.0.8.jar;C:\Users\Lucas\.m2\repository\org\neo4j\neo4j-cypher-compiler-2.3\2.3.8\neo4j-cypher-compiler-2.3-2.3.8.jar;C:\Users\Lucas\.m2\repository\org\neo4j\neo4j-cypher-frontend-2.3\2.3.8\neo4j-cypher-frontend-2.3-2.3.8.jar;C:\Users\Lucas\.m2\repository\org\neo4j\neo4j-cypher-compiler-3.0\3.0.8\neo4j-cypher-compiler-3.0-3.0.8.jar;C:\Users\Lucas\.m2\repository\org\neo4j\neo4j-cypher-frontend-3.0\3.0.8\neo4j-cypher-frontend-3.0-3.0.8.jar;C:\Users\Lucas\.m2\repository\org\parboiled\parboiled-scala_2.11\1.1.7\parboiled-scala_2.11-1.1.7.jar;C:\Users\Lucas\.m2\repository\com\googlecode\concurrentlinkedhashmap\concurrentlinkedhashmap-lru\1.4.2\concurrentlinkedhashmap-lru-1.4.2.jar;C:\Users\Lucas\.m2\repository\org\neo4j\neo4j-jmx\3.0.8\neo4j-jmx-3.0.8.jar;C:\Users\Lucas\.m2\repository\org\neo4j\driver\neo4j-java-driver\1.1.2\neo4j-java-driver-1.1.2.jar;C:\Users\Lucas\.m2\repository\org\jboss\resteasy\resteasy-client\3.0.19.Final\resteasy-client-3.0.19.Final.jar;C:\Users\Lucas\.m2\repository\org\jboss\resteasy\resteasy-jaxrs\3.0.19.Final\resteasy-jaxrs-3.0.19.Final.jar;C:\Users\Lucas\.m2\repository\org\jboss\spec\javax\ws\rs\jboss-jaxrs-api_2.0_spec\1.0.0.Final\jboss-jaxrs-api_2.0_spec-1.0.0.Final.jar;C:\Users\Lucas\.m2\repository\org\jboss\spec\javax\annotation\jboss-annotations-api_1.2_spec\1.0.0.Final\jboss-annotations-api_1.2_spec-1.0.0.Final.jar;C:\Users\Lucas\.m2\repository\javax\activation\activation\1.1.1\activation-1.1.1.jar;C:\Users\Lucas\.m2\repository\org\apache\httpcomponents\httpclient\4.5.3\httpclient-4.5.3.jar;C:\Users\Lucas\.m2\repository\org\apache\httpcomponents\httpcore\4.4.6\httpcore-4.4.6.jar;C:\Users\Lucas\.m2\repository\commons-codec\commons-codec\1.10\commons-codec-1.10.jar;C:\Users\Lucas\.m2\repository\commons-io\commons-io\2.1\commons-io-2.1.jar;C:\Users\Lucas\.m2\repository\net\jcip\jcip-annotations\1.0\jcip-annotations-1.0.jar;C:\Users\Lucas\.m2\repository\org\jboss\resteasy\resteasy-jackson2-provider\3.0.19.Final\resteasy-jackson2-provider-3.0.19.Final.jar;C:\Users\Lucas\.m2\repository\com\fasterxml\jackson\core\jackson-core\2.7.4\jackson-core-2.7.4.jar;C:\Users\Lucas\.m2\repository\com\fasterxml\jackson\jaxrs\jackson-jaxrs-json-provider\2.8.8\jackson-jaxrs-json-provider-2.8.8.jar;C:\Users\Lucas\.m2\repository\com\fasterxml\jackson\jaxrs\jackson-jaxrs-base\2.8.8\jackson-jaxrs-base-2.8.8.jar;C:\Users\Lucas\.m2\repository\com\fasterxml\jackson\module\jackson-module-jaxb-annotations\2.8.8\jackson-module-jaxb-annotations-2.8.8.jar;C:\Users\Lucas\.m2\repository\com\fasterxml\jackson\core\jackson-annotations\2.7.4\jackson-annotations-2.7.4.jar;C:\Users\Lucas\.m2\repository\com\fasterxml\jackson\core\jackson-databind\2.7.4\jackson-databind-2.7.4.jar;C:\Users\Lucas\.m2\repository\org\parboiled\parboiled-java\1.1.7\parboiled-java-1.1.7.jar;C:\Users\Lucas\.m2\repository\org\parboiled\parboiled-core\1.1.7\parboiled-core-1.1.7.jar;C:\Users\Lucas\.m2\repository\org\ow2\asm\asm\5.0.3\asm-5.0.3.jar;C:\Users\Lucas\.m2\repository\org\ow2\asm\asm-tree\5.0.3\asm-tree-5.0.3.jar;C:\Users\Lucas\.m2\repository\org\ow2\asm\asm-analysis\5.0.3\asm-analysis-5.0.3.jar;C:\Users\Lucas\.m2\repository\org\ow2\asm\asm-util\5.0.3\asm-util-5.0.3.jar;C:\Users\Lucas\.m2\repository\org\hibernate\ogm\hibernate-ogm-mongodb\5.1.0.Final\hibernate-ogm-mongodb-5.1.0.Final.jar;C:\Users\Lucas\.m2\repository\org\hibernate\common\hibernate-commons-annotations\5.0.1.Final\hibernate-commons-annotations-5.0.1.Final.jar;C:\Users\Lucas\.m2\repository\org\hibernate\hql\hibernate-hql-parser\1.4.0.Final\hibernate-hql-parser-1.4.0.Final.jar;C:\Users\Lucas\.m2\repository\org\antlr\antlr-runtime\3.4\antlr-runtime-3.4.jar;C:\Users\Lucas\.m2\repository\org\antlr\stringtemplate\3.2.1\stringtemplate-3.2.1.jar;C:\Users\Lucas\.m2\repository\org\mongodb\mongo-java-driver\3.4.2\mongo-java-driver-3.4.2.jar;C:\Users\Lucas\.m2\repository\org\hibernate\hibernate-core\5.1.5.Final\hibernate-core-5.1.5.Final.jar;C:\Users\Lucas\.m2\repository\org\jboss\logging\jboss-logging\3.3.1.Final\jboss-logging-3.3.1.Final.jar;C:\Users\Lucas\.m2\repository\org\javassist\javassist\3.21.0-GA\javassist-3.21.0-GA.jar;C:\Users\Lucas\.m2\repository\antlr\antlr\2.7.7\antlr-2.7.7.jar;C:\Users\Lucas\.m2\repository\org\apache\geronimo\specs\geronimo-jta_1.1_spec\1.1.1\geronimo-jta_1.1_spec-1.1.1.jar;C:\Users\Lucas\.m2\repository\org\jboss\jandex\2.0.3.Final\jandex-2.0.3.Final.jar;C:\Users\Lucas\.m2\repository\com\fasterxml\classmate\1.3.3\classmate-1.3.3.jar;C:\Users\Lucas\.m2\repository\dom4j\dom4j\1.6.1\dom4j-1.6.1.jar;C:\Users\Lucas\.m2\repository\org\hibernate\ogm\hibernate-ogm-cassandra\5.1.0.Final\hibernate-ogm-cassandra-5.1.0.Final.jar;C:\Users\Lucas\.m2\repository\com\datastax\cassandra\cassandra-driver-core\3.1.4\cassandra-driver-core-3.1.4.jar;C:\Users\Lucas\.m2\repository\com\google\guava\guava\16.0.1\guava-16.0.1.jar;C:\Users\Lucas\.m2\repository\io\dropwizard\metrics\metrics-core\3.1.4\metrics-core-3.1.4.jar;C:\Users\Lucas\.m2\repository\com\github\jnr\jnr-ffi\2.0.7\jnr-ffi-2.0.7.jar;C:\Users\Lucas\.m2\repository\com\github\jnr\jffi\1.2.10\jffi-1.2.10.jar;C:\Users\Lucas\.m2\repository\com\github\jnr\jffi\1.2.10\jffi-1.2.10-native.jar;C:\Users\Lucas\.m2\repository\org\ow2\asm\asm-commons\5.0.3\asm-commons-5.0.3.jar;C:\Users\Lucas\.m2\repository\com\github\jnr\jnr-x86asm\1.0.2\jnr-x86asm-1.0.2.jar;C:\Users\Lucas\.m2\repository\com\github\jnr\jnr-posix\3.0.27\jnr-posix-3.0.27.jar;C:\Users\Lucas\.m2\repository\com\github\jnr\jnr-constants\0.9.0\jnr-constants-0.9.0.jar;C:\Users\Lucas\.m2\repository\io\netty\netty-handler\4.0.33.Final\netty-handler-4.0.33.Final.jar;C:\Users\Lucas\.m2\repository\io\netty\netty-buffer\4.0.33.Final\netty-buffer-4.0.33.Final.jar;C:\Users\Lucas\.m2\repository\io\netty\netty-codec\4.0.33.Final\netty-codec-4.0.33.Final.jar;C:\Users\Lucas\.m2\repository\org\hibernate\ogm\hibernate-ogm-redis\5.1.0.Final\hibernate-ogm-redis-5.1.0.Final.jar;C:\Users\Lucas\.m2\repository\biz\paluch\redis\lettuce\4.2.1.Final\lettuce-4.2.1.Final.jar;C:\Users\Lucas\.m2\repository\io\reactivex\rxjava\1.1.6\rxjava-1.1.6.jar;C:\Users\Lucas\.m2\repository\org\apache\commons\commons-pool2\2.4.2\commons-pool2-2.4.2.jar;C:\Users\Lucas\.m2\repository\io\netty\netty-common\4.0.33.Final\netty-common-4.0.33.Final.jar;C:\Users\Lucas\.m2\repository\io\netty\netty-transport\4.0.33.Final\netty-transport-4.0.33.Final.jar;C:\Users\Lucas\.m2\repository\junit\junit\4.12\junit-4.12.jar;C:\Users\Lucas\.m2\repository\org\hamcrest\hamcrest-core\1.3\hamcrest-core-1.3.jar;C:\Users\Lucas\.m2\repository\log4j\log4j\1.2.17\log4j-1.2.17.jar;C:\Users\Lucas\.m2\repository\mysql\mysql-connector-java\5.1.9\mysql-connector-java-5.1.9.jar;C:\Users\Lucas\.m2\repository\org\jboss\spec\javax\transaction\jboss-transaction-api_1.2_spec\1.0.0.Final\jboss-transaction-api_1.2_spec-1.0.0.Final.jar;C:\Users\Lucas\.m2\repository\org\hibernate\javax\persistence\hibernate-jpa-2.1-api\1.0.0.Final\hibernate-jpa-2.1-api-1.0.0.Final.jar;C:\Users\Lucas\.m2\repository\org\jboss\narayana\jta\narayana-jta\5.4.0.Final\narayana-jta-5.4.0.Final.jar;C:\Users\Lucas\.m2\repository\org\jboss\jboss-transaction-spi\7.5.2.Final\jboss-transaction-spi-7.5.2.Final.jar;C:\Users\Lucas\.m2\repository\org\jboss\spec\javax\resource\jboss-connector-api_1.7_spec\1.0.0.Final\jboss-connector-api_1.7_spec-1.0.0.Final.jar;C:\Users\Lucas\.m2\repository\com\jayway\jsonpath\json-path\2.2.0\json-path-2.2.0.jar;C:\Users\Lucas\.m2\repository\net\minidev\json-smart\2.2.1\json-smart-2.2.1.jar;C:\Users\Lucas\.m2\repository\net\minidev\accessors-smart\1.1\accessors-smart-1.1.jar;C:\Users\Lucas\.m2\repository\org\slf4j\slf4j-api\1.7.25\slf4j-api-1.7.25.jar;C:\Users\Lucas\.m2\repository\postgresql\postgresql\9.1-901-1.jdbc4\postgresql-9.1-901-1.jdbc4.jar;C:\Users\Lucas\.m2\repository\org\json\json\20180130\json-20180130.jar;C:\Users\Lucas\.m2\repository\org\junit\jupiter\junit-jupiter-api\5.2.0\junit-jupiter-api-5.2.0.jar;C:\Users\Lucas\.m2\repository\org\apiguardian\apiguardian-api\1.0.0\apiguardian-api-1.0.0.jar;C:\Users\Lucas\.m2\repository\org\opentest4j\opentest4j\1.1.0\opentest4j-1.1.0.jar;C:\Users\Lucas\.m2\repository\org\junit\platform\junit-platform-commons\1.2.0\junit-platform-commons-1.2.0.jar;C:\Users\Lucas\.m2\repository\org\testng\testng\6.14.3\testng-6.14.3.jar;C:\Users\Lucas\.m2\repository\com\beust\jcommander\1.72\jcommander-1.72.jar;C:\Users\Lucas\.m2\repository\org\apache-extras\beanshell\bsh\2.0b6\bsh-2.0b6.jar;C:\Users\Lucas\.m2\repository\org\springframework\boot\spring-boot-starter-web\1.5.3.RELEASE\spring-boot-starter-web-1.5.3.RELEASE.jar;C:\Users\Lucas\.m2\repository\org\springframework\boot\spring-boot-starter\1.5.3.RELEASE\spring-boot-starter-1.5.3.RELEASE.jar;C:\Users\Lucas\.m2\repository\org\springframework\boot\spring-boot\1.5.3.RELEASE\spring-boot-1.5.3.RELEASE.jar;C:\Users\Lucas\.m2\repository\org\springframework\boot\spring-boot-autoconfigure\1.5.3.RELEASE\spring-boot-autoconfigure-1.5.3.RELEASE.jar;C:\Users\Lucas\.m2\repository\org\springframework\boot\spring-boot-starter-logging\1.5.3.RELEASE\spring-boot-starter-logging-1.5.3.RELEASE.jar;C:\Users\Lucas\.m2\repository\ch\qos\logback\logback-classic\1.1.11\logback-classic-1.1.11.jar;C:\Users\Lucas\.m2\repository\ch\qos\logback\logback-core\1.1.11\logback-core-1.1.11.jar;C:\Users\Lucas\.m2\repository\org\slf4j\jcl-over-slf4j\1.7.25\jcl-over-slf4j-1.7.25.jar;C:\Users\Lucas\.m2\repository\org\slf4j\jul-to-slf4j\1.7.25\jul-to-slf4j-1.7.25.jar;C:\Users\Lucas\.m2\repository\org\slf4j\log4j-over-slf4j\1.7.25\log4j-over-slf4j-1.7.25.jar;C:\Users\Lucas\.m2\repository\org\yaml\snakeyaml\1.17\snakeyaml-1.17.jar;C:\Users\Lucas\.m2\repository\org\springframework\boot\spring-boot-starter-tomcat\1.5.3.RELEASE\spring-boot-starter-tomcat-1.5.3.RELEASE.jar;C:\Users\Lucas\.m2\repository\org\apache\tomcat\embed\tomcat-embed-core\8.5.14\tomcat-embed-core-8.5.14.jar;C:\Users\Lucas\.m2\repository\org\apache\tomcat\embed\tomcat-embed-el\8.5.14\tomcat-embed-el-8.5.14.jar;C:\Users\Lucas\.m2\repository\org\apache\tomcat\embed\tomcat-embed-websocket\8.5.14\tomcat-embed-websocket-8.5.14.jar;C:\Users\Lucas\.m2\repository\org\hibernate\hibernate-validator\5.3.5.Final\hibernate-validator-5.3.5.Final.jar;C:\Users\Lucas\.m2\repository\javax\validation\validation-api\1.1.0.Final\validation-api-1.1.0.Final.jar;C:\Users\Lucas\.m2\repository\org\springframework\spring-web\4.3.8.RELEASE\spring-web-4.3.8.RELEASE.jar;C:\Users\Lucas\.m2\repository\org\springframework\spring-aop\4.3.8.RELEASE\spring-aop-4.3.8.RELEASE.jar;C:\Users\Lucas\.m2\repository\org\springframework\spring-beans\4.3.8.RELEASE\spring-beans-4.3.8.RELEASE.jar;C:\Users\Lucas\.m2\repository\org\springframework\spring-context\4.3.8.RELEASE\spring-context-4.3.8.RELEASE.jar;C:\Users\Lucas\.m2\repository\org\springframework\spring-webmvc\4.3.8.RELEASE\spring-webmvc-4.3.8.RELEASE.jar;C:\Users\Lucas\.m2\repository\org\springframework\spring-expression\4.3.8.RELEASE\spring-expression-4.3.8.RELEASE.jar;C:\Users\Lucas\.m2\repository\org\springframework\boot\spring-boot-starter-test\1.5.3.RELEASE\spring-boot-starter-test-1.5.3.RELEASE.jar;C:\Users\Lucas\.m2\repository\org\springframework\boot\spring-boot-test\1.5.3.RELEASE\spring-boot-test-1.5.3.RELEASE.jar;C:\Users\Lucas\.m2\repository\org\springframework\boot\spring-boot-test-autoconfigure\1.5.3.RELEASE\spring-boot-test-autoconfigure-1.5.3.RELEASE.jar;C:\Users\Lucas\.m2\repository\org\assertj\assertj-core\2.6.0\assertj-core-2.6.0.jar;C:\Users\Lucas\.m2\repository\org\mockito\mockito-core\1.10.19\mockito-core-1.10.19.jar;C:\Users\Lucas\.m2\repository\org\objenesis\objenesis\2.1\objenesis-2.1.jar;C:\Users\Lucas\.m2\repository\org\hamcrest\hamcrest-library\1.3\hamcrest-library-1.3.jar;C:\Users\Lucas\.m2\repository\org\skyscreamer\jsonassert\1.4.0\jsonassert-1.4.0.jar;C:\Users\Lucas\.m2\repository\com\vaadin\external\google\android-json\0.0.20131108.vaadin1\android-json-0.0.20131108.vaadin1.jar;C:\Users\Lucas\.m2\repository\org\springframework\spring-core\4.3.8.RELEASE\spring-core-4.3.8.RELEASE.jar;C:\Users\Lucas\.m2\repository\org\springframework\spring-test\4.3.8.RELEASE\spring-test-4.3.8.RELEASE.jar;C:\Users\Lucas\.m2\repository\org\junit\jupiter\junit-jupiter-engine\5.1.0\junit-jupiter-engine-5.1.0.jar;C:\Users\Lucas\.m2\repository\org\junit\platform\junit-platform-engine\1.1.0\junit-platform-engine-1.1.0.jar;C:\Users\Lucas\.m2\repository\org\junit\vintage\junit-vintage-engine\5.2.0\junit-vintage-engine-5.2.0.jar;C:\Users\Lucas\.m2\repository\org\junit\platform\junit-platform-launcher\1.1.0\junit-platform-launcher-1.1.0.jar;C:\Users\Lucas\.m2\repository\org\junit\platform\junit-platform-runner\1.1.0\junit-platform-runner-1.1.0.jar;C:\Users\Lucas\.m2\repository\org\junit\platform\junit-platform-suite-api\1.1.0\junit-platform-suite-api-1.1.0.jar;C:\Users\Lucas\.m2\repository\org\apache\maven\surefire\surefire-testng-utils\2.21.0\surefire-testng-utils-2.21.0.jar;C:\Users\Lucas\.m2\repository\org\apache\maven\surefire\surefire-grouper\2.21.0\surefire-grouper-2.21.0.jar;"/>
    <property name="java.vm.vendor" value="Oracle Corporation"/>
    <property name="sun.arch.data.model" value="64"/>
    <property name="user.variant" value=""/>
    <property name="java.vendor.url" value="http://java.oracle.com/"/>
    <property name="user.timezone" value=""/>
    <property name="java.vm.specification.version" value="1.8"/>
    <property name="os.name" value="Windows 10"/>
    <property name="user.country" value="DE"/>
    <property name="sun.java.launcher" value="SUN_STANDARD"/>
    <property name="sun.boot.library.path" value="C:\Program Files\Java\jdk1.8.0_60\jre\bin"/>
    <property name="sun.java.command" value="C:\Users\Lucas\AppData\Local\Temp\surefire7027834761983826009\surefirebooter977766695280135531.jar C:\Users\Lucas\AppData\Local\Temp\surefire7027834761983826009 2018-06-11T20-44-40_885-jvmRun1 surefire1512961941416816456tmp surefire_03355397126957435806tmp"/>
    <property name="surefire.test.class.path" value="C:\Users\Lucas\Desktop\SS18\target\test-classes;C:\Users\Lucas\Desktop\SS18\target\classes;C:\Users\Lucas\.m2\repository\org\hibernate\ogm\hibernate-ogm-infinispan\5.1.0.Final\hibernate-ogm-infinispan-5.1.0.Final.jar;C:\Users\Lucas\.m2\repository\org\hibernate\ogm\hibernate-ogm-core\5.1.0.Final\hibernate-ogm-core-5.1.0.Final.jar;C:\Users\Lucas\.m2\repository\org\hibernate\hibernate-entitymanager\5.0.12.Final\hibernate-entitymanager-5.0.12.Final.jar;C:\Users\Lucas\.m2\repository\org\hibernate\hql\hibernate-hql-lucene\1.4.0.Final\hibernate-hql-lucene-1.4.0.Final.jar;C:\Users\Lucas\.m2\repository\org\infinispan\infinispan-core\8.2.5.Final\infinispan-core-8.2.5.Final.jar;C:\Users\Lucas\.m2\repository\org\infinispan\infinispan-commons\8.2.5.Final\infinispan-commons-8.2.5.Final.jar;C:\Users\Lucas\.m2\repository\org\jgroups\jgroups\3.6.7.Final\jgroups-3.6.7.Final.jar;C:\Users\Lucas\.m2\repository\org\jboss\marshalling\jboss-marshalling-osgi\1.4.10.Final\jboss-marshalling-osgi-1.4.10.Final.jar;C:\Users\Lucas\.m2\repository\org\hibernate\hibernate-search-orm\5.6.1.Final\hibernate-search-orm-5.6.1.Final.jar;C:\Users\Lucas\.m2\repository\org\hibernate\hibernate-search-engine\5.6.1.Final\hibernate-search-engine-5.6.1.Final.jar;C:\Users\Lucas\.m2\repository\org\apache\lucene\lucene-core\5.5.4\lucene-core-5.5.4.jar;C:\Users\Lucas\.m2\repository\org\apache\lucene\lucene-misc\5.5.4\lucene-misc-5.5.4.jar;C:\Users\Lucas\.m2\repository\org\apache\lucene\lucene-analyzers-common\5.5.4\lucene-analyzers-common-5.5.4.jar;C:\Users\Lucas\.m2\repository\org\apache\lucene\lucene-facet\5.5.4\lucene-facet-5.5.4.jar;C:\Users\Lucas\.m2\repository\org\apache\lucene\lucene-queries\5.5.4\lucene-queries-5.5.4.jar;C:\Users\Lucas\.m2\repository\org\hibernate\ogm\hibernate-ogm-neo4j\5.1.0.Final\hibernate-ogm-neo4j-5.1.0.Final.jar;C:\Users\Lucas\.m2\repository\org\neo4j\neo4j\3.0.8\neo4j-3.0.8.jar;C:\Users\Lucas\.m2\repository\org\neo4j\neo4j-kernel\3.0.8\neo4j-kernel-3.0.8.jar;C:\Users\Lucas\.m2\repository\org\neo4j\neo4j-graphdb-api\3.0.8\neo4j-graphdb-api-3.0.8.jar;C:\Users\Lucas\.m2\repository\org\neo4j\neo4j-resource\3.0.8\neo4j-resource-3.0.8.jar;C:\Users\Lucas\.m2\repository\org\neo4j\neo4j-common\3.0.8\neo4j-common-3.0.8.jar;C:\Users\Lucas\.m2\repository\org\neo4j\neo4j-collections\3.0.8\neo4j-collections-3.0.8.jar;C:\Users\Lucas\.m2\repository\org\neo4j\neo4j-primitive-collections\3.0.8\neo4j-primitive-collections-3.0.8.jar;C:\Users\Lucas\.m2\repository\org\neo4j\neo4j-unsafe\3.0.8\neo4j-unsafe-3.0.8.jar;C:\Users\Lucas\.m2\repository\org\neo4j\neo4j-io\3.0.8\neo4j-io-3.0.8.jar;C:\Users\Lucas\.m2\repository\org\apache\commons\commons-lang3\3.3.2\commons-lang3-3.3.2.jar;C:\Users\Lucas\.m2\repository\org\neo4j\neo4j-logging\3.0.8\neo4j-logging-3.0.8.jar;C:\Users\Lucas\.m2\repository\org\neo4j\neo4j-security\3.0.8\neo4j-security-3.0.8.jar;C:\Users\Lucas\.m2\repository\org\neo4j\neo4j-lucene-upgrade\3.0.8\neo4j-lucene-upgrade-3.0.8.jar;C:\Users\Lucas\.m2\repository\org\apache\lucene\lucene-backward-codecs\5.5.4\lucene-backward-codecs-5.5.4.jar;C:\Users\Lucas\.m2\repository\org\neo4j\neo4j-lucene-index\3.0.8\neo4j-lucene-index-3.0.8.jar;C:\Users\Lucas\.m2\repository\org\apache\lucene\lucene-queryparser\5.5.4\lucene-queryparser-5.5.4.jar;C:\Users\Lucas\.m2\repository\org\apache\lucene\lucene-codecs\5.5.4\lucene-codecs-5.5.4.jar;C:\Users\Lucas\.m2\repository\org\neo4j\neo4j-graph-algo\3.0.8\neo4j-graph-algo-3.0.8.jar;C:\Users\Lucas\.m2\repository\org\neo4j\neo4j-udc\3.0.8\neo4j-udc-3.0.8.jar;C:\Users\Lucas\.m2\repository\org\neo4j\neo4j-graph-matching\3.0.8\neo4j-graph-matching-3.0.8.jar;C:\Users\Lucas\.m2\repository\org\neo4j\neo4j-cypher\3.0.8\neo4j-cypher-3.0.8.jar;C:\Users\Lucas\.m2\repository\org\scala-lang\scala-library\2.11.8\scala-library-2.11.8.jar;C:\Users\Lucas\.m2\repository\org\scala-lang\scala-reflect\2.11.8\scala-reflect-2.11.8.jar;C:\Users\Lucas\.m2\repository\org\neo4j\neo4j-codegen\3.0.8\neo4j-codegen-3.0.8.jar;C:\Users\Lucas\.m2\repository\org\neo4j\neo4j-cypher-compiler-2.3\2.3.8\neo4j-cypher-compiler-2.3-2.3.8.jar;C:\Users\Lucas\.m2\repository\org\neo4j\neo4j-cypher-frontend-2.3\2.3.8\neo4j-cypher-frontend-2.3-2.3.8.jar;C:\Users\Lucas\.m2\repository\org\neo4j\neo4j-cypher-compiler-3.0\3.0.8\neo4j-cypher-compiler-3.0-3.0.8.jar;C:\Users\Lucas\.m2\repository\org\neo4j\neo4j-cypher-frontend-3.0\3.0.8\neo4j-cypher-frontend-3.0-3.0.8.jar;C:\Users\Lucas\.m2\repository\org\parboiled\parboiled-scala_2.11\1.1.7\parboiled-scala_2.11-1.1.7.jar;C:\Users\Lucas\.m2\repository\com\googlecode\concurrentlinkedhashmap\concurrentlinkedhashmap-lru\1.4.2\concurrentlinkedhashmap-lru-1.4.2.jar;C:\Users\Lucas\.m2\repository\org\neo4j\neo4j-jmx\3.0.8\neo4j-jmx-3.0.8.jar;C:\Users\Lucas\.m2\repository\org\neo4j\driver\neo4j-java-driver\1.1.2\neo4j-java-driver-1.1.2.jar;C:\Users\Lucas\.m2\repository\org\jboss\resteasy\resteasy-client\3.0.19.Final\resteasy-client-3.0.19.Final.jar;C:\Users\Lucas\.m2\repository\org\jboss\resteasy\resteasy-jaxrs\3.0.19.Final\resteasy-jaxrs-3.0.19.Final.jar;C:\Users\Lucas\.m2\repository\org\jboss\spec\javax\ws\rs\jboss-jaxrs-api_2.0_spec\1.0.0.Final\jboss-jaxrs-api_2.0_spec-1.0.0.Final.jar;C:\Users\Lucas\.m2\repository\org\jboss\spec\javax\annotation\jboss-annotations-api_1.2_spec\1.0.0.Final\jboss-annotations-api_1.2_spec-1.0.0.Final.jar;C:\Users\Lucas\.m2\repository\javax\activation\activation\1.1.1\activation-1.1.1.jar;C:\Users\Lucas\.m2\repository\org\apache\httpcomponents\httpclient\4.5.3\httpclient-4.5.3.jar;C:\Users\Lucas\.m2\repository\org\apache\httpcomponents\httpcore\4.4.6\httpcore-4.4.6.jar;C:\Users\Lucas\.m2\repository\commons-codec\commons-codec\1.10\commons-codec-1.10.jar;C:\Users\Lucas\.m2\repository\commons-io\commons-io\2.1\commons-io-2.1.jar;C:\Users\Lucas\.m2\repository\net\jcip\jcip-annotations\1.0\jcip-annotations-1.0.jar;C:\Users\Lucas\.m2\repository\org\jboss\resteasy\resteasy-jackson2-provider\3.0.19.Final\resteasy-jackson2-provider-3.0.19.Final.jar;C:\Users\Lucas\.m2\repository\com\fasterxml\jackson\core\jackson-core\2.7.4\jackson-core-2.7.4.jar;C:\Users\Lucas\.m2\repository\com\fasterxml\jackson\jaxrs\jackson-jaxrs-json-provider\2.8.8\jackson-jaxrs-json-provider-2.8.8.jar;C:\Users\Lucas\.m2\repository\com\fasterxml\jackson\jaxrs\jackson-jaxrs-base\2.8.8\jackson-jaxrs-base-2.8.8.jar;C:\Users\Lucas\.m2\repository\com\fasterxml\jackson\module\jackson-module-jaxb-annotations\2.8.8\jackson-module-jaxb-annotations-2.8.8.jar;C:\Users\Lucas\.m2\repository\com\fasterxml\jackson\core\jackson-annotations\2.7.4\jackson-annotations-2.7.4.jar;C:\Users\Lucas\.m2\repository\com\fasterxml\jackson\core\jackson-databind\2.7.4\jackson-databind-2.7.4.jar;C:\Users\Lucas\.m2\repository\org\parboiled\parboiled-java\1.1.7\parboiled-java-1.1.7.jar;C:\Users\Lucas\.m2\repository\org\parboiled\parboiled-core\1.1.7\parboiled-core-1.1.7.jar;C:\Users\Lucas\.m2\repository\org\ow2\asm\asm\5.0.3\asm-5.0.3.jar;C:\Users\Lucas\.m2\repository\org\ow2\asm\asm-tree\5.0.3\asm-tree-5.0.3.jar;C:\Users\Lucas\.m2\repository\org\ow2\asm\asm-analysis\5.0.3\asm-analysis-5.0.3.jar;C:\Users\Lucas\.m2\repository\org\ow2\asm\asm-util\5.0.3\asm-util-5.0.3.jar;C:\Users\Lucas\.m2\repository\org\hibernate\ogm\hibernate-ogm-mongodb\5.1.0.Final\hibernate-ogm-mongodb-5.1.0.Final.jar;C:\Users\Lucas\.m2\repository\org\hibernate\common\hibernate-commons-annotations\5.0.1.Final\hibernate-commons-annotations-5.0.1.Final.jar;C:\Users\Lucas\.m2\repository\org\hibernate\hql\hibernate-hql-parser\1.4.0.Final\hibernate-hql-parser-1.4.0.Final.jar;C:\Users\Lucas\.m2\repository\org\antlr\antlr-runtime\3.4\antlr-runtime-3.4.jar;C:\Users\Lucas\.m2\repository\org\antlr\stringtemplate\3.2.1\stringtemplate-3.2.1.jar;C:\Users\Lucas\.m2\repository\org\mongodb\mongo-java-driver\3.4.2\mongo-java-driver-3.4.2.jar;C:\Users\Lucas\.m2\repository\org\hibernate\hibernate-core\5.1.5.Final\hibernate-core-5.1.5.Final.jar;C:\Users\Lucas\.m2\repository\org\jboss\logging\jboss-logging\3.3.1.Final\jboss-logging-3.3.1.Final.jar;C:\Users\Lucas\.m2\repository\org\javassist\javassist\3.21.0-GA\javassist-3.21.0-GA.jar;C:\Users\Lucas\.m2\repository\antlr\antlr\2.7.7\antlr-2.7.7.jar;C:\Users\Lucas\.m2\repository\org\apache\geronimo\specs\geronimo-jta_1.1_spec\1.1.1\geronimo-jta_1.1_spec-1.1.1.jar;C:\Users\Lucas\.m2\repository\org\jboss\jandex\2.0.3.Final\jandex-2.0.3.Final.jar;C:\Users\Lucas\.m2\repository\com\fasterxml\classmate\1.3.3\classmate-1.3.3.jar;C:\Users\Lucas\.m2\repository\dom4j\dom4j\1.6.1\dom4j-1.6.1.jar;C:\Users\Lucas\.m2\repository\org\hibernate\ogm\hibernate-ogm-cassandra\5.1.0.Final\hibernate-ogm-cassandra-5.1.0.Final.jar;C:\Users\Lucas\.m2\repository\com\datastax\cassandra\cassandra-driver-core\3.1.4\cassandra-driver-core-3.1.4.jar;C:\Users\Lucas\.m2\repository\com\google\guava\guava\16.0.1\guava-16.0.1.jar;C:\Users\Lucas\.m2\repository\io\dropwizard\metrics\metrics-core\3.1.4\metrics-core-3.1.4.jar;C:\Users\Lucas\.m2\repository\com\github\jnr\jnr-ffi\2.0.7\jnr-ffi-2.0.7.jar;C:\Users\Lucas\.m2\repository\com\github\jnr\jffi\1.2.10\jffi-1.2.10.jar;C:\Users\Lucas\.m2\repository\com\github\jnr\jffi\1.2.10\jffi-1.2.10-native.jar;C:\Users\Lucas\.m2\repository\org\ow2\asm\asm-commons\5.0.3\asm-commons-5.0.3.jar;C:\Users\Lucas\.m2\repository\com\github\jnr\jnr-x86asm\1.0.2\jnr-x86asm-1.0.2.jar;C:\Users\Lucas\.m2\repository\com\github\jnr\jnr-posix\3.0.27\jnr-posix-3.0.27.jar;C:\Users\Lucas\.m2\repository\com\github\jnr\jnr-constants\0.9.0\jnr-constants-0.9.0.jar;C:\Users\Lucas\.m2\repository\io\netty\netty-handler\4.0.33.Final\netty-handler-4.0.33.Final.jar;C:\Users\Lucas\.m2\repository\io\netty\netty-buffer\4.0.33.Final\netty-buffer-4.0.33.Final.jar;C:\Users\Lucas\.m2\repository\io\netty\netty-codec\4.0.33.Final\netty-codec-4.0.33.Final.jar;C:\Users\Lucas\.m2\repository\org\hibernate\ogm\hibernate-ogm-redis\5.1.0.Final\hibernate-ogm-redis-5.1.0.Final.jar;C:\Users\Lucas\.m2\repository\biz\paluch\redis\lettuce\4.2.1.Final\lettuce-4.2.1.Final.jar;C:\Users\Lucas\.m2\repository\io\reactivex\rxjava\1.1.6\rxjava-1.1.6.jar;C:\Users\Lucas\.m2\repository\org\apache\commons\commons-pool2\2.4.2\commons-pool2-2.4.2.jar;C:\Users\Lucas\.m2\repository\io\netty\netty-common\4.0.33.Final\netty-common-4.0.33.Final.jar;C:\Users\Lucas\.m2\repository\io\netty\netty-transport\4.0.33.Final\netty-transport-4.0.33.Final.jar;C:\Users\Lucas\.m2\repository\junit\junit\4.12\junit-4.12.jar;C:\Users\Lucas\.m2\repository\org\hamcrest\hamcrest-core\1.3\hamcrest-core-1.3.jar;C:\Users\Lucas\.m2\repository\log4j\log4j\1.2.17\log4j-1.2.17.jar;C:\Users\Lucas\.m2\repository\mysql\mysql-connector-java\5.1.9\mysql-connector-java-5.1.9.jar;C:\Users\Lucas\.m2\repository\org\jboss\spec\javax\transaction\jboss-transaction-api_1.2_spec\1.0.0.Final\jboss-transaction-api_1.2_spec-1.0.0.Final.jar;C:\Users\Lucas\.m2\repository\org\hibernate\javax\persistence\hibernate-jpa-2.1-api\1.0.0.Final\hibernate-jpa-2.1-api-1.0.0.Final.jar;C:\Users\Lucas\.m2\repository\org\jboss\narayana\jta\narayana-jta\5.4.0.Final\narayana-jta-5.4.0.Final.jar;C:\Users\Lucas\.m2\repository\org\jboss\jboss-transaction-spi\7.5.2.Final\jboss-transaction-spi-7.5.2.Final.jar;C:\Users\Lucas\.m2\repository\org\jboss\spec\javax\resource\jboss-connector-api_1.7_spec\1.0.0.Final\jboss-connector-api_1.7_spec-1.0.0.Final.jar;C:\Users\Lucas\.m2\repository\com\jayway\jsonpath\json-path\2.2.0\json-path-2.2.0.jar;C:\Users\Lucas\.m2\repository\net\minidev\json-smart\2.2.1\json-smart-2.2.1.jar;C:\Users\Lucas\.m2\repository\net\minidev\accessors-smart\1.1\accessors-smart-1.1.jar;C:\Users\Lucas\.m2\repository\org\slf4j\slf4j-api\1.7.25\slf4j-api-1.7.25.jar;C:\Users\Lucas\.m2\repository\postgresql\postgresql\9.1-901-1.jdbc4\postgresql-9.1-901-1.jdbc4.jar;C:\Users\Lucas\.m2\repository\org\json\json\20180130\json-20180130.jar;C:\Users\Lucas\.m2\repository\org\junit\jupiter\junit-jupiter-api\5.2.0\junit-jupiter-api-5.2.0.jar;C:\Users\Lucas\.m2\repository\org\apiguardian\apiguardian-api\1.0.0\apiguardian-api-1.0.0.jar;C:\Users\Lucas\.m2\repository\org\opentest4j\opentest4j\1.1.0\opentest4j-1.1.0.jar;C:\Users\Lucas\.m2\repository\org\junit\platform\junit-platform-commons\1.2.0\junit-platform-commons-1.2.0.jar;C:\Users\Lucas\.m2\repository\org\testng\testng\6.14.3\testng-6.14.3.jar;C:\Users\Lucas\.m2\repository\com\beust\jcommander\1.72\jcommander-1.72.jar;C:\Users\Lucas\.m2\repository\org\apache-extras\beanshell\bsh\2.0b6\bsh-2.0b6.jar;C:\Users\Lucas\.m2\repository\org\springframework\boot\spring-boot-starter-web\1.5.3.RELEASE\spring-boot-starter-web-1.5.3.RELEASE.jar;C:\Users\Lucas\.m2\repository\org\springframework\boot\spring-boot-starter\1.5.3.RELEASE\spring-boot-starter-1.5.3.RELEASE.jar;C:\Users\Lucas\.m2\repository\org\springframework\boot\spring-boot\1.5.3.RELEASE\spring-boot-1.5.3.RELEASE.jar;C:\Users\Lucas\.m2\repository\org\springframework\boot\spring-boot-autoconfigure\1.5.3.RELEASE\spring-boot-autoconfigure-1.5.3.RELEASE.jar;C:\Users\Lucas\.m2\repository\org\springframework\boot\spring-boot-starter-logging\1.5.3.RELEASE\spring-boot-starter-logging-1.5.3.RELEASE.jar;C:\Users\Lucas\.m2\repository\ch\qos\logback\logback-classic\1.1.11\logback-classic-1.1.11.jar;C:\Users\Lucas\.m2\repository\ch\qos\logback\logback-core\1.1.11\logback-core-1.1.11.jar;C:\Users\Lucas\.m2\repository\org\slf4j\jcl-over-slf4j\1.7.25\jcl-over-slf4j-1.7.25.jar;C:\Users\Lucas\.m2\repository\org\slf4j\jul-to-slf4j\1.7.25\jul-to-slf4j-1.7.25.jar;C:\Users\Lucas\.m2\repository\org\slf4j\log4j-over-slf4j\1.7.25\log4j-over-slf4j-1.7.25.jar;C:\Users\Lucas\.m2\repository\org\yaml\snakeyaml\1.17\snakeyaml-1.17.jar;C:\Users\Lucas\.m2\repository\org\springframework\boot\spring-boot-starter-tomcat\1.5.3.RELEASE\spring-boot-starter-tomcat-1.5.3.RELEASE.jar;C:\Users\Lucas\.m2\repository\org\apache\tomcat\embed\tomcat-embed-core\8.5.14\tomcat-embed-core-8.5.14.jar;C:\Users\Lucas\.m2\repository\org\apache\tomcat\embed\tomcat-embed-el\8.5.14\tomcat-embed-el-8.5.14.jar;C:\Users\Lucas\.m2\repository\org\apache\tomcat\embed\tomcat-embed-websocket\8.5.14\tomcat-embed-websocket-8.5.14.jar;C:\Users\Lucas\.m2\repository\org\hibernate\hibernate-validator\5.3.5.Final\hibernate-validator-5.3.5.Final.jar;C:\Users\Lucas\.m2\repository\javax\validation\validation-api\1.1.0.Final\validation-api-1.1.0.Final.jar;C:\Users\Lucas\.m2\repository\org\springframework\spring-web\4.3.8.RELEASE\spring-web-4.3.8.RELEASE.jar;C:\Users\Lucas\.m2\repository\org\springframework\spring-aop\4.3.8.RELEASE\spring-aop-4.3.8.RELEASE.jar;C:\Users\Lucas\.m2\repository\org\springframework\spring-beans\4.3.8.RELEASE\spring-beans-4.3.8.RELEASE.jar;C:\Users\Lucas\.m2\repository\org\springframework\spring-context\4.3.8.RELEASE\spring-context-4.3.8.RELEASE.jar;C:\Users\Lucas\.m2\repository\org\springframework\spring-webmvc\4.3.8.RELEASE\spring-webmvc-4.3.8.RELEASE.jar;C:\Users\Lucas\.m2\repository\org\springframework\spring-expression\4.3.8.RELEASE\spring-expression-4.3.8.RELEASE.jar;C:\Users\Lucas\.m2\repository\org\springframework\boot\spring-boot-starter-test\1.5.3.RELEASE\spring-boot-starter-test-1.5.3.RELEASE.jar;C:\Users\Lucas\.m2\repository\org\springframework\boot\spring-boot-test\1.5.3.RELEASE\spring-boot-test-1.5.3.RELEASE.jar;C:\Users\Lucas\.m2\repository\org\springframework\boot\spring-boot-test-autoconfigure\1.5.3.RELEASE\spring-boot-test-autoconfigure-1.5.3.RELEASE.jar;C:\Users\Lucas\.m2\repository\org\assertj\assertj-core\2.6.0\assertj-core-2.6.0.jar;C:\Users\Lucas\.m2\repository\org\mockito\mockito-core\1.10.19\mockito-core-1.10.19.jar;C:\Users\Lucas\.m2\repository\org\objenesis\objenesis\2.1\objenesis-2.1.jar;C:\Users\Lucas\.m2\repository\org\hamcrest\hamcrest-library\1.3\hamcrest-library-1.3.jar;C:\Users\Lucas\.m2\repository\org\skyscreamer\jsonassert\1.4.0\jsonassert-1.4.0.jar;C:\Users\Lucas\.m2\repository\com\vaadin\external\google\android-json\0.0.20131108.vaadin1\android-json-0.0.20131108.vaadin1.jar;C:\Users\Lucas\.m2\repository\org\springframework\spring-core\4.3.8.RELEASE\spring-core-4.3.8.RELEASE.jar;C:\Users\Lucas\.m2\repository\org\springframework\spring-test\4.3.8.RELEASE\spring-test-4.3.8.RELEASE.jar;C:\Users\Lucas\.m2\repository\org\junit\jupiter\junit-jupiter-engine\5.1.0\junit-jupiter-engine-5.1.0.jar;C:\Users\Lucas\.m2\repository\org\junit\platform\junit-platform-engine\1.1.0\junit-platform-engine-1.1.0.jar;C:\Users\Lucas\.m2\repository\org\junit\vintage\junit-vintage-engine\5.2.0\junit-vintage-engine-5.2.0.jar;C:\Users\Lucas\.m2\repository\org\junit\platform\junit-platform-launcher\1.1.0\junit-platform-launcher-1.1.0.jar;C:\Users\Lucas\.m2\repository\org\junit\platform\junit-platform-runner\1.1.0\junit-platform-runner-1.1.0.jar;C:\Users\Lucas\.m2\repository\org\junit\platform\junit-platform-suite-api\1.1.0\junit-platform-suite-api-1.1.0.jar;C:\Users\Lucas\.m2\repository\org\apache\maven\surefire\surefire-testng-utils\2.21.0\surefire-testng-utils-2.21.0.jar;C:\Users\Lucas\.m2\repository\org\apache\maven\surefire\surefire-grouper\2.21.0\surefire-grouper-2.21.0.jar;"/>
    <property name="sun.cpu.endian" value="little"/>
    <property name="user.home" value="C:\Users\Lucas"/>
    <property name="user.language" value="de"/>
    <property name="java.specification.vendor" value="Oracle Corporation"/>
    <property name="java.home" value="C:\Program Files\Java\jdk1.8.0_60\jre"/>
    <property name="basedir" value="C:\Users\Lucas\Desktop\SS18"/>
    <property name="file.separator" value="\"/>
    <property name="line.separator" value="&#10;"/>
    <property name="java.vm.specification.vendor" value="Oracle Corporation"/>
    <property name="java.specification.name" value="Java Platform API Specification"/>
    <property name="java.awt.graphicsenv" value="sun.awt.Win32GraphicsEnvironment"/>
    <property name="surefire.real.class.path" value="C:\Users\Lucas\AppData\Local\Temp\surefire7027834761983826009\surefirebooter977766695280135531.jar"/>
    <property name="sun.boot.class.path" value="C:\Program Files\Java\jdk1.8.0_60\jre\lib\resources.jar;C:\Program Files\Java\jdk1.8.0_60\jre\lib\rt.jar;C:\Program Files\Java\jdk1.8.0_60\jre\lib\sunrsasign.jar;C:\Program Files\Java\jdk1.8.0_60\jre\lib\jsse.jar;C:\Program Files\Java\jdk1.8.0_60\jre\lib\jce.jar;C:\Program Files\Java\jdk1.8.0_60\jre\lib\charsets.jar;C:\Program Files\Java\jdk1.8.0_60\jre\lib\jfr.jar;C:\Program Files\Java\jdk1.8.0_60\jre\classes"/>
    <property name="user.script" value=""/>
    <property name="sun.management.compiler" value="HotSpot 64-Bit Tiered Compilers"/>
    <property name="java.runtime.version" value="1.8.0_60-b27"/>
    <property name="user.name" value="Lucas"/>
    <property name="path.separator" value=";"/>
    <property name="os.version" value="10.0"/>
    <property name="java.endorsed.dirs" value="C:\Program Files\Java\jdk1.8.0_60\jre\lib\endorsed"/>
    <property name="java.runtime.name" value="Java(TM) SE Runtime Environment"/>
    <property name="file.encoding" value="Cp1252"/>
    <property name="java.vm.name" value="Java HotSpot(TM) 64-Bit Server VM"/>
    <property name="localRepository" value="C:\Users\Lucas\.m2\repository"/>
    <property name="java.vendor.url.bug" value="http://bugreport.sun.com/bugreport/"/>
    <property name="java.io.tmpdir" value="C:\Users\Lucas\AppData\Local\Temp\"/>
    <property name="idea.version" value="2017.2.5"/>
    <property name="java.version" value="1.8.0_60"/>
    <property name="user.dir" value="C:\Users\Lucas\Desktop\SS18"/>
    <property name="os.arch" value="amd64"/>
    <property name="java.vm.specification.name" value="Java Virtual Machine Specification"/>
    <property name="java.awt.printerjob" value="sun.awt.windows.WPrinterJob"/>
    <property name="sun.os.patch.level" value=""/>
    <property name="java.library.path" value="C:\Program Files\Java\jdk1.8.0_60\jre\bin;C:\WINDOWS\Sun\Java\bin;C:\WINDOWS\system32;C:\WINDOWS;C:\ProgramData\Oracle\Java\javapath;C:\WINDOWS\system32;C:\WINDOWS;C:\WINDOWS\System32\Wbem;C:\WINDOWS\System32\WindowsPowerShell\v1.0\;C:\Program Files (x86)\AMD\ATI.ACE\Core-Static;C:\Program Files (x86)\ATI Technologies\ATI.ACE\Core-Static;C:\Program Files\nodejs\;C:\Program Files (x86)\Skype\Phone\;C:\WINDOWS\System32\OpenSSH\;C:\Program Files\Git\cmd;C:\Ruby24-x64\bin;C:\Users\Lucas\AppData\Roaming\npm;C:\Users\Lucas\AppData\Local\Microsoft\WindowsApps;C:\Program Files (x86)\Sophos\Sophos SSL VPN Client\bin;C:\Users\Lucas\AppData\Local\atom\bin;C:\Users\Lucas\AppData\Local\Microsoft\WindowsApps;C:\Users\Lucas\Downloads\apache-maven-3.5.3\bin;;."/>
    <property name="java.vm.info" value="mixed mode"/>
    <property name="java.vendor" value="Oracle Corporation"/>
    <property name="java.vm.version" value="25.60-b23"/>
    <property name="java.ext.dirs" value="C:\Program Files\Java\jdk1.8.0_60\jre\lib\ext;C:\WINDOWS\Sun\Java\lib\ext"/>
    <property name="sun.io.unicode.encoding" value="UnicodeLittle"/>
    <property name="java.class.version" value="52.0"/>
  </properties>
  <testcase name="updateItem" classname="ItemControllerTest" time="6.743"/>
  <testcase name="createItem" classname="ItemControllerTest" time="3.784"/>
  <testcase name="deleteItem" classname="ItemControllerTest" time="6.93"/>
</testsuite>